[2024-02-02 06:56:56] local.ERROR: The "--host" option does not exist. {"exception":"[object] (Symfony\\Component\\Console\\Exception\\RuntimeException(code: 0): The \"--host\" option does not exist. at D:\\Andrei Files\\Soft Eng\\Android Studio Projects\\flutterScholapp_back\\vendor\\symfony\\console\\Input\\ArgvInput.php:217)
[stacktrace]
#0 D:\\Andrei Files\\Soft Eng\\Android Studio Projects\\flutterScholapp_back\\vendor\\symfony\\console\\Input\\ArgvInput.php(144): Symfony\\Component\\Console\\Input\\ArgvInput->addLongOption('host', '192.168.254.254')
#1 D:\\Andrei Files\\Soft Eng\\Android Studio Projects\\flutterScholapp_back\\vendor\\symfony\\console\\Input\\ArgvInput.php(79): Symfony\\Component\\Console\\Input\\ArgvInput->parseLongOption('--host=192.168....')
#2 D:\\Andrei Files\\Soft Eng\\Android Studio Projects\\flutterScholapp_back\\vendor\\symfony\\console\\Input\\ArgvInput.php(68): Symfony\\Component\\Console\\Input\\ArgvInput->parseToken('--host=192.168....', true)
#3 D:\\Andrei Files\\Soft Eng\\Android Studio Projects\\flutterScholapp_back\\vendor\\symfony\\console\\Input\\Input.php(52): Symfony\\Component\\Console\\Input\\ArgvInput->parse()
#4 D:\\Andrei Files\\Soft Eng\\Android Studio Projects\\flutterScholapp_back\\vendor\\symfony\\console\\Command\\Command.php(271): Symfony\\Component\\Console\\Input\\Input->bind(Object(Symfony\\Component\\Console\\Input\\InputDefinition))
#5 D:\\Andrei Files\\Soft Eng\\Android Studio Projects\\flutterScholapp_back\\vendor\\symfony\\console\\Application.php(1020): Symfony\\Component\\Console\\Command\\Command->run(Object(Symfony\\Component\\Console\\Input\\ArgvInput), Object(Symfony\\Component\\Console\\Output\\ConsoleOutput))
#6 D:\\Andrei Files\\Soft Eng\\Android Studio Projects\\flutterScholapp_back\\vendor\\symfony\\console\\Application.php(312): Symfony\\Component\\Console\\Application->doRunCommand(Object(Symfony\\Component\\Console\\Command\\ListCommand), Object(Symfony\\Component\\Console\\Input\\ArgvInput), Object(Symfony\\Component\\Console\\Output\\ConsoleOutput))
#7 D:\\Andrei Files\\Soft Eng\\Android Studio Projects\\flutterScholapp_back\\vendor\\symfony\\console\\Application.php(168): Symfony\\Component\\Console\\Application->doRun(Object(Symfony\\Component\\Console\\Input\\ArgvInput), Object(Symfony\\Component\\Console\\Output\\ConsoleOutput))
#8 D:\\Andrei Files\\Soft Eng\\Android Studio Projects\\flutterScholapp_back\\vendor\\laravel\\framework\\src\\Illuminate\\Console\\Application.php(102): Symfony\\Component\\Console\\Application->run(Object(Symfony\\Component\\Console\\Input\\ArgvInput), Object(Symfony\\Component\\Console\\Output\\ConsoleOutput))
#9 D:\\Andrei Files\\Soft Eng\\Android Studio Projects\\flutterScholapp_back\\vendor\\laravel\\framework\\src\\Illuminate\\Foundation\\Console\\Kernel.php(155): Illuminate\\Console\\Application->run(Object(Symfony\\Component\\Console\\Input\\ArgvInput), Object(Symfony\\Component\\Console\\Output\\ConsoleOutput))
#10 D:\\Andrei Files\\Soft Eng\\Android Studio Projects\\flutterScholapp_back\\artisan(35): Illuminate\\Foundation\\Console\\Kernel->handle(Object(Symfony\\Component\\Console\\Input\\ArgvInput), Object(Symfony\\Component\\Console\\Output\\ConsoleOutput))
#11 {main}
"} 
[2024-02-02 06:58:41] local.ERROR: The "--host" option does not exist. {"exception":"[object] (Symfony\\Component\\Console\\Exception\\RuntimeException(code: 0): The \"--host\" option does not exist. at D:\\Andrei Files\\Soft Eng\\Android Studio Projects\\flutterScholapp_back\\vendor\\symfony\\console\\Input\\ArgvInput.php:217)
[stacktrace]
#0 D:\\Andrei Files\\Soft Eng\\Android Studio Projects\\flutterScholapp_back\\vendor\\symfony\\console\\Input\\ArgvInput.php(144): Symfony\\Component\\Console\\Input\\ArgvInput->addLongOption('host', '192.168.254.104')
#1 D:\\Andrei Files\\Soft Eng\\Android Studio Projects\\flutterScholapp_back\\vendor\\symfony\\console\\Input\\ArgvInput.php(79): Symfony\\Component\\Console\\Input\\ArgvInput->parseLongOption('--host=192.168....')
#2 D:\\Andrei Files\\Soft Eng\\Android Studio Projects\\flutterScholapp_back\\vendor\\symfony\\console\\Input\\ArgvInput.php(68): Symfony\\Component\\Console\\Input\\ArgvInput->parseToken('--host=192.168....', true)
#3 D:\\Andrei Files\\Soft Eng\\Android Studio Projects\\flutterScholapp_back\\vendor\\symfony\\console\\Input\\Input.php(52): Symfony\\Component\\Console\\Input\\ArgvInput->parse()
#4 D:\\Andrei Files\\Soft Eng\\Android Studio Projects\\flutterScholapp_back\\vendor\\symfony\\console\\Command\\Command.php(271): Symfony\\Component\\Console\\Input\\Input->bind(Object(Symfony\\Component\\Console\\Input\\InputDefinition))
#5 D:\\Andrei Files\\Soft Eng\\Android Studio Projects\\flutterScholapp_back\\vendor\\symfony\\console\\Application.php(1020): Symfony\\Component\\Console\\Command\\Command->run(Object(Symfony\\Component\\Console\\Input\\ArgvInput), Object(Symfony\\Component\\Console\\Output\\ConsoleOutput))
#6 D:\\Andrei Files\\Soft Eng\\Android Studio Projects\\flutterScholapp_back\\vendor\\symfony\\console\\Application.php(312): Symfony\\Component\\Console\\Application->doRunCommand(Object(Symfony\\Component\\Console\\Command\\ListCommand), Object(Symfony\\Component\\Console\\Input\\ArgvInput), Object(Symfony\\Component\\Console\\Output\\ConsoleOutput))
#7 D:\\Andrei Files\\Soft Eng\\Android Studio Projects\\flutterScholapp_back\\vendor\\symfony\\console\\Application.php(168): Symfony\\Component\\Console\\Application->doRun(Object(Symfony\\Component\\Console\\Input\\ArgvInput), Object(Symfony\\Component\\Console\\Output\\ConsoleOutput))
#8 D:\\Andrei Files\\Soft Eng\\Android Studio Projects\\flutterScholapp_back\\vendor\\laravel\\framework\\src\\Illuminate\\Console\\Application.php(102): Symfony\\Component\\Console\\Application->run(Object(Symfony\\Component\\Console\\Input\\ArgvInput), Object(Symfony\\Component\\Console\\Output\\ConsoleOutput))
#9 D:\\Andrei Files\\Soft Eng\\Android Studio Projects\\flutterScholapp_back\\vendor\\laravel\\framework\\src\\Illuminate\\Foundation\\Console\\Kernel.php(155): Illuminate\\Console\\Application->run(Object(Symfony\\Component\\Console\\Input\\ArgvInput), Object(Symfony\\Component\\Console\\Output\\ConsoleOutput))
#10 D:\\Andrei Files\\Soft Eng\\Android Studio Projects\\flutterScholapp_back\\artisan(35): Illuminate\\Foundation\\Console\\Kernel->handle(Object(Symfony\\Component\\Console\\Input\\ArgvInput), Object(Symfony\\Component\\Console\\Output\\ConsoleOutput))
#11 {main}
"} 
[2024-02-02 06:59:12] local.ERROR: The "--host" option does not exist. {"exception":"[object] (Symfony\\Component\\Console\\Exception\\RuntimeException(code: 0): The \"--host\" option does not exist. at D:\\Andrei Files\\Soft Eng\\Android Studio Projects\\flutterScholapp_back\\vendor\\symfony\\console\\Input\\ArgvInput.php:217)
[stacktrace]
#0 D:\\Andrei Files\\Soft Eng\\Android Studio Projects\\flutterScholapp_back\\vendor\\symfony\\console\\Input\\ArgvInput.php(144): Symfony\\Component\\Console\\Input\\ArgvInput->addLongOption('host', '192.168.254.104')
#1 D:\\Andrei Files\\Soft Eng\\Android Studio Projects\\flutterScholapp_back\\vendor\\symfony\\console\\Input\\ArgvInput.php(79): Symfony\\Component\\Console\\Input\\ArgvInput->parseLongOption('--host=192.168....')
#2 D:\\Andrei Files\\Soft Eng\\Android Studio Projects\\flutterScholapp_back\\vendor\\symfony\\console\\Input\\ArgvInput.php(68): Symfony\\Component\\Console\\Input\\ArgvInput->parseToken('--host=192.168....', true)
#3 D:\\Andrei Files\\Soft Eng\\Android Studio Projects\\flutterScholapp_back\\vendor\\symfony\\console\\Input\\Input.php(52): Symfony\\Component\\Console\\Input\\ArgvInput->parse()
#4 D:\\Andrei Files\\Soft Eng\\Android Studio Projects\\flutterScholapp_back\\vendor\\symfony\\console\\Command\\Command.php(271): Symfony\\Component\\Console\\Input\\Input->bind(Object(Symfony\\Component\\Console\\Input\\InputDefinition))
#5 D:\\Andrei Files\\Soft Eng\\Android Studio Projects\\flutterScholapp_back\\vendor\\symfony\\console\\Application.php(1020): Symfony\\Component\\Console\\Command\\Command->run(Object(Symfony\\Component\\Console\\Input\\ArgvInput), Object(Symfony\\Component\\Console\\Output\\ConsoleOutput))
#6 D:\\Andrei Files\\Soft Eng\\Android Studio Projects\\flutterScholapp_back\\vendor\\symfony\\console\\Application.php(312): Symfony\\Component\\Console\\Application->doRunCommand(Object(Symfony\\Component\\Console\\Command\\ListCommand), Object(Symfony\\Component\\Console\\Input\\ArgvInput), Object(Symfony\\Component\\Console\\Output\\ConsoleOutput))
#7 D:\\Andrei Files\\Soft Eng\\Android Studio Projects\\flutterScholapp_back\\vendor\\symfony\\console\\Application.php(168): Symfony\\Component\\Console\\Application->doRun(Object(Symfony\\Component\\Console\\Input\\ArgvInput), Object(Symfony\\Component\\Console\\Output\\ConsoleOutput))
#8 D:\\Andrei Files\\Soft Eng\\Android Studio Projects\\flutterScholapp_back\\vendor\\laravel\\framework\\src\\Illuminate\\Console\\Application.php(102): Symfony\\Component\\Console\\Application->run(Object(Symfony\\Component\\Console\\Input\\ArgvInput), Object(Symfony\\Component\\Console\\Output\\ConsoleOutput))
#9 D:\\Andrei Files\\Soft Eng\\Android Studio Projects\\flutterScholapp_back\\vendor\\laravel\\framework\\src\\Illuminate\\Foundation\\Console\\Kernel.php(155): Illuminate\\Console\\Application->run(Object(Symfony\\Component\\Console\\Input\\ArgvInput), Object(Symfony\\Component\\Console\\Output\\ConsoleOutput))
#10 D:\\Andrei Files\\Soft Eng\\Android Studio Projects\\flutterScholapp_back\\artisan(35): Illuminate\\Foundation\\Console\\Kernel->handle(Object(Symfony\\Component\\Console\\Input\\ArgvInput), Object(Symfony\\Component\\Console\\Output\\ConsoleOutput))
#11 {main}
"} 
[2024-02-02 06:59:14] local.ERROR: The "--host" option does not exist. {"exception":"[object] (Symfony\\Component\\Console\\Exception\\RuntimeException(code: 0): The \"--host\" option does not exist. at D:\\Andrei Files\\Soft Eng\\Android Studio Projects\\flutterScholapp_back\\vendor\\symfony\\console\\Input\\ArgvInput.php:217)
[stacktrace]
#0 D:\\Andrei Files\\Soft Eng\\Android Studio Projects\\flutterScholapp_back\\vendor\\symfony\\console\\Input\\ArgvInput.php(144): Symfony\\Component\\Console\\Input\\ArgvInput->addLongOption('host', '192.168.254.104')
#1 D:\\Andrei Files\\Soft Eng\\Android Studio Projects\\flutterScholapp_back\\vendor\\symfony\\console\\Input\\ArgvInput.php(79): Symfony\\Component\\Console\\Input\\ArgvInput->parseLongOption('--host=192.168....')
#2 D:\\Andrei Files\\Soft Eng\\Android Studio Projects\\flutterScholapp_back\\vendor\\symfony\\console\\Input\\ArgvInput.php(68): Symfony\\Component\\Console\\Input\\ArgvInput->parseToken('--host=192.168....', true)
#3 D:\\Andrei Files\\Soft Eng\\Android Studio Projects\\flutterScholapp_back\\vendor\\symfony\\console\\Input\\Input.php(52): Symfony\\Component\\Console\\Input\\ArgvInput->parse()
#4 D:\\Andrei Files\\Soft Eng\\Android Studio Projects\\flutterScholapp_back\\vendor\\symfony\\console\\Command\\Command.php(271): Symfony\\Component\\Console\\Input\\Input->bind(Object(Symfony\\Component\\Console\\Input\\InputDefinition))
#5 D:\\Andrei Files\\Soft Eng\\Android Studio Projects\\flutterScholapp_back\\vendor\\symfony\\console\\Application.php(1020): Symfony\\Component\\Console\\Command\\Command->run(Object(Symfony\\Component\\Console\\Input\\ArgvInput), Object(Symfony\\Component\\Console\\Output\\ConsoleOutput))
#6 D:\\Andrei Files\\Soft Eng\\Android Studio Projects\\flutterScholapp_back\\vendor\\symfony\\console\\Application.php(312): Symfony\\Component\\Console\\Application->doRunCommand(Object(Symfony\\Component\\Console\\Command\\ListCommand), Object(Symfony\\Component\\Console\\Input\\ArgvInput), Object(Symfony\\Component\\Console\\Output\\ConsoleOutput))
#7 D:\\Andrei Files\\Soft Eng\\Android Studio Projects\\flutterScholapp_back\\vendor\\symfony\\console\\Application.php(168): Symfony\\Component\\Console\\Application->doRun(Object(Symfony\\Component\\Console\\Input\\ArgvInput), Object(Symfony\\Component\\Console\\Output\\ConsoleOutput))
#8 D:\\Andrei Files\\Soft Eng\\Android Studio Projects\\flutterScholapp_back\\vendor\\laravel\\framework\\src\\Illuminate\\Console\\Application.php(102): Symfony\\Component\\Console\\Application->run(Object(Symfony\\Component\\Console\\Input\\ArgvInput), Object(Symfony\\Component\\Console\\Output\\ConsoleOutput))
#9 D:\\Andrei Files\\Soft Eng\\Android Studio Projects\\flutterScholapp_back\\vendor\\laravel\\framework\\src\\Illuminate\\Foundation\\Console\\Kernel.php(155): Illuminate\\Console\\Application->run(Object(Symfony\\Component\\Console\\Input\\ArgvInput), Object(Symfony\\Component\\Console\\Output\\ConsoleOutput))
#10 D:\\Andrei Files\\Soft Eng\\Android Studio Projects\\flutterScholapp_back\\artisan(35): Illuminate\\Foundation\\Console\\Kernel->handle(Object(Symfony\\Component\\Console\\Input\\ArgvInput), Object(Symfony\\Component\\Console\\Output\\ConsoleOutput))
#11 {main}
"} 
[2024-02-02 06:59:15] local.ERROR: The "--host" option does not exist. {"exception":"[object] (Symfony\\Component\\Console\\Exception\\RuntimeException(code: 0): The \"--host\" option does not exist. at D:\\Andrei Files\\Soft Eng\\Android Studio Projects\\flutterScholapp_back\\vendor\\symfony\\console\\Input\\ArgvInput.php:217)
[stacktrace]
#0 D:\\Andrei Files\\Soft Eng\\Android Studio Projects\\flutterScholapp_back\\vendor\\symfony\\console\\Input\\ArgvInput.php(144): Symfony\\Component\\Console\\Input\\ArgvInput->addLongOption('host', '192.168.254.104')
#1 D:\\Andrei Files\\Soft Eng\\Android Studio Projects\\flutterScholapp_back\\vendor\\symfony\\console\\Input\\ArgvInput.php(79): Symfony\\Component\\Console\\Input\\ArgvInput->parseLongOption('--host=192.168....')
#2 D:\\Andrei Files\\Soft Eng\\Android Studio Projects\\flutterScholapp_back\\vendor\\symfony\\console\\Input\\ArgvInput.php(68): Symfony\\Component\\Console\\Input\\ArgvInput->parseToken('--host=192.168....', true)
#3 D:\\Andrei Files\\Soft Eng\\Android Studio Projects\\flutterScholapp_back\\vendor\\symfony\\console\\Input\\Input.php(52): Symfony\\Component\\Console\\Input\\ArgvInput->parse()
#4 D:\\Andrei Files\\Soft Eng\\Android Studio Projects\\flutterScholapp_back\\vendor\\symfony\\console\\Command\\Command.php(271): Symfony\\Component\\Console\\Input\\Input->bind(Object(Symfony\\Component\\Console\\Input\\InputDefinition))
#5 D:\\Andrei Files\\Soft Eng\\Android Studio Projects\\flutterScholapp_back\\vendor\\symfony\\console\\Application.php(1020): Symfony\\Component\\Console\\Command\\Command->run(Object(Symfony\\Component\\Console\\Input\\ArgvInput), Object(Symfony\\Component\\Console\\Output\\ConsoleOutput))
#6 D:\\Andrei Files\\Soft Eng\\Android Studio Projects\\flutterScholapp_back\\vendor\\symfony\\console\\Application.php(312): Symfony\\Component\\Console\\Application->doRunCommand(Object(Symfony\\Component\\Console\\Command\\ListCommand), Object(Symfony\\Component\\Console\\Input\\ArgvInput), Object(Symfony\\Component\\Console\\Output\\ConsoleOutput))
#7 D:\\Andrei Files\\Soft Eng\\Android Studio Projects\\flutterScholapp_back\\vendor\\symfony\\console\\Application.php(168): Symfony\\Component\\Console\\Application->doRun(Object(Symfony\\Component\\Console\\Input\\ArgvInput), Object(Symfony\\Component\\Console\\Output\\ConsoleOutput))
#8 D:\\Andrei Files\\Soft Eng\\Android Studio Projects\\flutterScholapp_back\\vendor\\laravel\\framework\\src\\Illuminate\\Console\\Application.php(102): Symfony\\Component\\Console\\Application->run(Object(Symfony\\Component\\Console\\Input\\ArgvInput), Object(Symfony\\Component\\Console\\Output\\ConsoleOutput))
#9 D:\\Andrei Files\\Soft Eng\\Android Studio Projects\\flutterScholapp_back\\vendor\\laravel\\framework\\src\\Illuminate\\Foundation\\Console\\Kernel.php(155): Illuminate\\Console\\Application->run(Object(Symfony\\Component\\Console\\Input\\ArgvInput), Object(Symfony\\Component\\Console\\Output\\ConsoleOutput))
#10 D:\\Andrei Files\\Soft Eng\\Android Studio Projects\\flutterScholapp_back\\artisan(35): Illuminate\\Foundation\\Console\\Kernel->handle(Object(Symfony\\Component\\Console\\Input\\ArgvInput), Object(Symfony\\Component\\Console\\Output\\ConsoleOutput))
#11 {main}
"} 
[2024-02-02 07:13:29] local.ERROR: The "--host" option does not exist. {"exception":"[object] (Symfony\\Component\\Console\\Exception\\RuntimeException(code: 0): The \"--host\" option does not exist. at D:\\Andrei Files\\Soft Eng\\Android Studio Projects\\flutterScholapp_back\\vendor\\symfony\\console\\Input\\ArgvInput.php:217)
[stacktrace]
#0 D:\\Andrei Files\\Soft Eng\\Android Studio Projects\\flutterScholapp_back\\vendor\\symfony\\console\\Input\\ArgvInput.php(144): Symfony\\Component\\Console\\Input\\ArgvInput->addLongOption('host', '192.168.254.104')
#1 D:\\Andrei Files\\Soft Eng\\Android Studio Projects\\flutterScholapp_back\\vendor\\symfony\\console\\Input\\ArgvInput.php(79): Symfony\\Component\\Console\\Input\\ArgvInput->parseLongOption('--host=192.168....')
#2 D:\\Andrei Files\\Soft Eng\\Android Studio Projects\\flutterScholapp_back\\vendor\\symfony\\console\\Input\\ArgvInput.php(68): Symfony\\Component\\Console\\Input\\ArgvInput->parseToken('--host=192.168....', true)
#3 D:\\Andrei Files\\Soft Eng\\Android Studio Projects\\flutterScholapp_back\\vendor\\symfony\\console\\Input\\Input.php(52): Symfony\\Component\\Console\\Input\\ArgvInput->parse()
#4 D:\\Andrei Files\\Soft Eng\\Android Studio Projects\\flutterScholapp_back\\vendor\\symfony\\console\\Command\\Command.php(271): Symfony\\Component\\Console\\Input\\Input->bind(Object(Symfony\\Component\\Console\\Input\\InputDefinition))
#5 D:\\Andrei Files\\Soft Eng\\Android Studio Projects\\flutterScholapp_back\\vendor\\symfony\\console\\Application.php(1020): Symfony\\Component\\Console\\Command\\Command->run(Object(Symfony\\Component\\Console\\Input\\ArgvInput), Object(Symfony\\Component\\Console\\Output\\ConsoleOutput))
#6 D:\\Andrei Files\\Soft Eng\\Android Studio Projects\\flutterScholapp_back\\vendor\\symfony\\console\\Application.php(312): Symfony\\Component\\Console\\Application->doRunCommand(Object(Symfony\\Component\\Console\\Command\\ListCommand), Object(Symfony\\Component\\Console\\Input\\ArgvInput), Object(Symfony\\Component\\Console\\Output\\ConsoleOutput))
#7 D:\\Andrei Files\\Soft Eng\\Android Studio Projects\\flutterScholapp_back\\vendor\\symfony\\console\\Application.php(168): Symfony\\Component\\Console\\Application->doRun(Object(Symfony\\Component\\Console\\Input\\ArgvInput), Object(Symfony\\Component\\Console\\Output\\ConsoleOutput))
#8 D:\\Andrei Files\\Soft Eng\\Android Studio Projects\\flutterScholapp_back\\vendor\\laravel\\framework\\src\\Illuminate\\Console\\Application.php(102): Symfony\\Component\\Console\\Application->run(Object(Symfony\\Component\\Console\\Input\\ArgvInput), Object(Symfony\\Component\\Console\\Output\\ConsoleOutput))
#9 D:\\Andrei Files\\Soft Eng\\Android Studio Projects\\flutterScholapp_back\\vendor\\laravel\\framework\\src\\Illuminate\\Foundation\\Console\\Kernel.php(155): Illuminate\\Console\\Application->run(Object(Symfony\\Component\\Console\\Input\\ArgvInput), Object(Symfony\\Component\\Console\\Output\\ConsoleOutput))
#10 D:\\Andrei Files\\Soft Eng\\Android Studio Projects\\flutterScholapp_back\\artisan(35): Illuminate\\Foundation\\Console\\Kernel->handle(Object(Symfony\\Component\\Console\\Input\\ArgvInput), Object(Symfony\\Component\\Console\\Output\\ConsoleOutput))
#11 {main}
"} 
[2024-02-03 02:30:45] local.ERROR: SQLSTATE[HY000] [2002] No connection could be made because the target machine actively refused it (SQL: select `id`, `name`, `contactNo`, `picture`, `address`, `email` from `users`) {"exception":"[object] (Illuminate\\Database\\QueryException(code: 2002): SQLSTATE[HY000] [2002] No connection could be made because the target machine actively refused it (SQL: select `id`, `name`, `contactNo`, `picture`, `address`, `email` from `users`) at D:\\Andrei Files\\Soft Eng\\Android Studio Projects\\flutterScholapp_back\\vendor\\laravel\\framework\\src\\Illuminate\\Database\\Connection.php:760)
[stacktrace]
#0 D:\\Andrei Files\\Soft Eng\\Android Studio Projects\\flutterScholapp_back\\vendor\\laravel\\framework\\src\\Illuminate\\Database\\Connection.php(720): Illuminate\\Database\\Connection->runQueryCallback('select `id`, `n...', Array, Object(Closure))
#1 D:\\Andrei Files\\Soft Eng\\Android Studio Projects\\flutterScholapp_back\\vendor\\laravel\\framework\\src\\Illuminate\\Database\\Connection.php(405): Illuminate\\Database\\Connection->run('select `id`, `n...', Array, Object(Closure))
#2 D:\\Andrei Files\\Soft Eng\\Android Studio Projects\\flutterScholapp_back\\vendor\\laravel\\framework\\src\\Illuminate\\Database\\Query\\Builder.php(2649): Illuminate\\Database\\Connection->select('select `id`, `n...', Array, true)
#3 D:\\Andrei Files\\Soft Eng\\Android Studio Projects\\flutterScholapp_back\\vendor\\laravel\\framework\\src\\Illuminate\\Database\\Query\\Builder.php(2638): Illuminate\\Database\\Query\\Builder->runSelect()
#4 D:\\Andrei Files\\Soft Eng\\Android Studio Projects\\flutterScholapp_back\\vendor\\laravel\\framework\\src\\Illuminate\\Database\\Query\\Builder.php(3174): Illuminate\\Database\\Query\\Builder->Illuminate\\Database\\Query\\{closure}()
#5 D:\\Andrei Files\\Soft Eng\\Android Studio Projects\\flutterScholapp_back\\vendor\\laravel\\framework\\src\\Illuminate\\Database\\Query\\Builder.php(2637): Illuminate\\Database\\Query\\Builder->onceWithColumns(Array, Object(Closure))
#6 D:\\Andrei Files\\Soft Eng\\Android Studio Projects\\flutterScholapp_back\\vendor\\laravel\\framework\\src\\Illuminate\\Database\\Eloquent\\Builder.php(702): Illuminate\\Database\\Query\\Builder->get(Array)
#7 D:\\Andrei Files\\Soft Eng\\Android Studio Projects\\flutterScholapp_back\\vendor\\laravel\\framework\\src\\Illuminate\\Database\\Eloquent\\Builder.php(686): Illuminate\\Database\\Eloquent\\Builder->getModels(Array)
#8 D:\\Andrei Files\\Soft Eng\\Android Studio Projects\\flutterScholapp_back\\app\\Http\\Controllers\\Api\\UserController.php(21): Illuminate\\Database\\Eloquent\\Builder->get()
#9 D:\\Andrei Files\\Soft Eng\\Android Studio Projects\\flutterScholapp_back\\vendor\\laravel\\framework\\src\\Illuminate\\Routing\\Controller.php(54): App\\Http\\Controllers\\Api\\UserController->index()
#10 D:\\Andrei Files\\Soft Eng\\Android Studio Projects\\flutterScholapp_back\\vendor\\laravel\\framework\\src\\Illuminate\\Routing\\ControllerDispatcher.php(43): Illuminate\\Routing\\Controller->callAction('index', Array)
#11 D:\\Andrei Files\\Soft Eng\\Android Studio Projects\\flutterScholapp_back\\vendor\\laravel\\framework\\src\\Illuminate\\Routing\\Route.php(259): Illuminate\\Routing\\ControllerDispatcher->dispatch(Object(Illuminate\\Routing\\Route), Object(App\\Http\\Controllers\\Api\\UserController), 'index')
#12 D:\\Andrei Files\\Soft Eng\\Android Studio Projects\\flutterScholapp_back\\vendor\\laravel\\framework\\src\\Illuminate\\Routing\\Route.php(205): Illuminate\\Routing\\Route->runController()
#13 D:\\Andrei Files\\Soft Eng\\Android Studio Projects\\flutterScholapp_back\\vendor\\laravel\\framework\\src\\Illuminate\\Routing\\Router.php(798): Illuminate\\Routing\\Route->run()
#14 D:\\Andrei Files\\Soft Eng\\Android Studio Projects\\flutterScholapp_back\\vendor\\laravel\\framework\\src\\Illuminate\\Pipeline\\Pipeline.php(141): Illuminate\\Routing\\Router->Illuminate\\Routing\\{closure}(Object(Illuminate\\Http\\Request))
#15 D:\\Andrei Files\\Soft Eng\\Android Studio Projects\\flutterScholapp_back\\vendor\\laravel\\framework\\src\\Illuminate\\Routing\\Middleware\\SubstituteBindings.php(50): Illuminate\\Pipeline\\Pipeline->Illuminate\\Pipeline\\{closure}(Object(Illuminate\\Http\\Request))
#16 D:\\Andrei Files\\Soft Eng\\Android Studio Projects\\flutterScholapp_back\\vendor\\laravel\\framework\\src\\Illuminate\\Pipeline\\Pipeline.php(180): Illuminate\\Routing\\Middleware\\SubstituteBindings->handle(Object(Illuminate\\Http\\Request), Object(Closure))
#17 D:\\Andrei Files\\Soft Eng\\Android Studio Projects\\flutterScholapp_back\\vendor\\laravel\\framework\\src\\Illuminate\\Routing\\Middleware\\ThrottleRequests.php(126): Illuminate\\Pipeline\\Pipeline->Illuminate\\Pipeline\\{closure}(Object(Illuminate\\Http\\Request))
#18 D:\\Andrei Files\\Soft Eng\\Android Studio Projects\\flutterScholapp_back\\vendor\\laravel\\framework\\src\\Illuminate\\Routing\\Middleware\\ThrottleRequests.php(92): Illuminate\\Routing\\Middleware\\ThrottleRequests->handleRequest(Object(Illuminate\\Http\\Request), Object(Closure), Array)
#19 D:\\Andrei Files\\Soft Eng\\Android Studio Projects\\flutterScholapp_back\\vendor\\laravel\\framework\\src\\Illuminate\\Routing\\Middleware\\ThrottleRequests.php(54): Illuminate\\Routing\\Middleware\\ThrottleRequests->handleRequestUsingNamedLimiter(Object(Illuminate\\Http\\Request), Object(Closure), 'api', Object(Closure))
#20 D:\\Andrei Files\\Soft Eng\\Android Studio Projects\\flutterScholapp_back\\vendor\\laravel\\framework\\src\\Illuminate\\Pipeline\\Pipeline.php(180): Illuminate\\Routing\\Middleware\\ThrottleRequests->handle(Object(Illuminate\\Http\\Request), Object(Closure), 'api')
#21 D:\\Andrei Files\\Soft Eng\\Android Studio Projects\\flutterScholapp_back\\vendor\\laravel\\framework\\src\\Illuminate\\Pipeline\\Pipeline.php(116): Illuminate\\Pipeline\\Pipeline->Illuminate\\Pipeline\\{closure}(Object(Illuminate\\Http\\Request))
#22 D:\\Andrei Files\\Soft Eng\\Android Studio Projects\\flutterScholapp_back\\vendor\\laravel\\framework\\src\\Illuminate\\Routing\\Router.php(797): Illuminate\\Pipeline\\Pipeline->then(Object(Closure))
#23 D:\\Andrei Files\\Soft Eng\\Android Studio Projects\\flutterScholapp_back\\vendor\\laravel\\framework\\src\\Illuminate\\Routing\\Router.php(776): Illuminate\\Routing\\Router->runRouteWithinStack(Object(Illuminate\\Routing\\Route), Object(Illuminate\\Http\\Request))
#24 D:\\Andrei Files\\Soft Eng\\Android Studio Projects\\flutterScholapp_back\\vendor\\laravel\\framework\\src\\Illuminate\\Routing\\Router.php(740): Illuminate\\Routing\\Router->runRoute(Object(Illuminate\\Http\\Request), Object(Illuminate\\Routing\\Route))
#25 D:\\Andrei Files\\Soft Eng\\Android Studio Projects\\flutterScholapp_back\\vendor\\laravel\\framework\\src\\Illuminate\\Routing\\Router.php(729): Illuminate\\Routing\\Router->dispatchToRoute(Object(Illuminate\\Http\\Request))
#26 D:\\Andrei Files\\Soft Eng\\Android Studio Projects\\flutterScholapp_back\\vendor\\laravel\\framework\\src\\Illuminate\\Foundation\\Http\\Kernel.php(190): Illuminate\\Routing\\Router->dispatch(Object(Illuminate\\Http\\Request))
#27 D:\\Andrei Files\\Soft Eng\\Android Studio Projects\\flutterScholapp_back\\vendor\\laravel\\framework\\src\\Illuminate\\Pipeline\\Pipeline.php(141): Illuminate\\Foundation\\Http\\Kernel->Illuminate\\Foundation\\Http\\{closure}(Object(Illuminate\\Http\\Request))
#28 D:\\Andrei Files\\Soft Eng\\Android Studio Projects\\flutterScholapp_back\\vendor\\laravel\\framework\\src\\Illuminate\\Foundation\\Http\\Middleware\\TransformsRequest.php(21): Illuminate\\Pipeline\\Pipeline->Illuminate\\Pipeline\\{closure}(Object(Illuminate\\Http\\Request))
#29 D:\\Andrei Files\\Soft Eng\\Android Studio Projects\\flutterScholapp_back\\vendor\\laravel\\framework\\src\\Illuminate\\Foundation\\Http\\Middleware\\ConvertEmptyStringsToNull.php(31): Illuminate\\Foundation\\Http\\Middleware\\TransformsRequest->handle(Object(Illuminate\\Http\\Request), Object(Closure))
#30 D:\\Andrei Files\\Soft Eng\\Android Studio Projects\\flutterScholapp_back\\vendor\\laravel\\framework\\src\\Illuminate\\Pipeline\\Pipeline.php(180): Illuminate\\Foundation\\Http\\Middleware\\ConvertEmptyStringsToNull->handle(Object(Illuminate\\Http\\Request), Object(Closure))
#31 D:\\Andrei Files\\Soft Eng\\Android Studio Projects\\flutterScholapp_back\\vendor\\laravel\\framework\\src\\Illuminate\\Foundation\\Http\\Middleware\\TransformsRequest.php(21): Illuminate\\Pipeline\\Pipeline->Illuminate\\Pipeline\\{closure}(Object(Illuminate\\Http\\Request))
#32 D:\\Andrei Files\\Soft Eng\\Android Studio Projects\\flutterScholapp_back\\vendor\\laravel\\framework\\src\\Illuminate\\Foundation\\Http\\Middleware\\TrimStrings.php(40): Illuminate\\Foundation\\Http\\Middleware\\TransformsRequest->handle(Object(Illuminate\\Http\\Request), Object(Closure))
#33 D:\\Andrei Files\\Soft Eng\\Android Studio Projects\\flutterScholapp_back\\vendor\\laravel\\framework\\src\\Illuminate\\Pipeline\\Pipeline.php(180): Illuminate\\Foundation\\Http\\Middleware\\TrimStrings->handle(Object(Illuminate\\Http\\Request), Object(Closure))
#34 D:\\Andrei Files\\Soft Eng\\Android Studio Projects\\flutterScholapp_back\\vendor\\laravel\\framework\\src\\Illuminate\\Foundation\\Http\\Middleware\\ValidatePostSize.php(27): Illuminate\\Pipeline\\Pipeline->Illuminate\\Pipeline\\{closure}(Object(Illuminate\\Http\\Request))
#35 D:\\Andrei Files\\Soft Eng\\Android Studio Projects\\flutterScholapp_back\\vendor\\laravel\\framework\\src\\Illuminate\\Pipeline\\Pipeline.php(180): Illuminate\\Foundation\\Http\\Middleware\\ValidatePostSize->handle(Object(Illuminate\\Http\\Request), Object(Closure))
#36 D:\\Andrei Files\\Soft Eng\\Android Studio Projects\\flutterScholapp_back\\vendor\\laravel\\framework\\src\\Illuminate\\Foundation\\Http\\Middleware\\PreventRequestsDuringMaintenance.php(86): Illuminate\\Pipeline\\Pipeline->Illuminate\\Pipeline\\{closure}(Object(Illuminate\\Http\\Request))
#37 D:\\Andrei Files\\Soft Eng\\Android Studio Projects\\flutterScholapp_back\\vendor\\laravel\\framework\\src\\Illuminate\\Pipeline\\Pipeline.php(180): Illuminate\\Foundation\\Http\\Middleware\\PreventRequestsDuringMaintenance->handle(Object(Illuminate\\Http\\Request), Object(Closure))
#38 D:\\Andrei Files\\Soft Eng\\Android Studio Projects\\flutterScholapp_back\\vendor\\laravel\\framework\\src\\Illuminate\\Http\\Middleware\\HandleCors.php(62): Illuminate\\Pipeline\\Pipeline->Illuminate\\Pipeline\\{closure}(Object(Illuminate\\Http\\Request))
#39 D:\\Andrei Files\\Soft Eng\\Android Studio Projects\\flutterScholapp_back\\vendor\\laravel\\framework\\src\\Illuminate\\Pipeline\\Pipeline.php(180): Illuminate\\Http\\Middleware\\HandleCors->handle(Object(Illuminate\\Http\\Request), Object(Closure))
#40 D:\\Andrei Files\\Soft Eng\\Android Studio Projects\\flutterScholapp_back\\vendor\\laravel\\framework\\src\\Illuminate\\Http\\Middleware\\TrustProxies.php(39): Illuminate\\Pipeline\\Pipeline->Illuminate\\Pipeline\\{closure}(Object(Illuminate\\Http\\Request))
#41 D:\\Andrei Files\\Soft Eng\\Android Studio Projects\\flutterScholapp_back\\vendor\\laravel\\framework\\src\\Illuminate\\Pipeline\\Pipeline.php(180): Illuminate\\Http\\Middleware\\TrustProxies->handle(Object(Illuminate\\Http\\Request), Object(Closure))
#42 D:\\Andrei Files\\Soft Eng\\Android Studio Projects\\flutterScholapp_back\\vendor\\laravel\\framework\\src\\Illuminate\\Pipeline\\Pipeline.php(116): Illuminate\\Pipeline\\Pipeline->Illuminate\\Pipeline\\{closure}(Object(Illuminate\\Http\\Request))
#43 D:\\Andrei Files\\Soft Eng\\Android Studio Projects\\flutterScholapp_back\\vendor\\laravel\\framework\\src\\Illuminate\\Foundation\\Http\\Kernel.php(165): Illuminate\\Pipeline\\Pipeline->then(Object(Closure))
#44 D:\\Andrei Files\\Soft Eng\\Android Studio Projects\\flutterScholapp_back\\vendor\\laravel\\framework\\src\\Illuminate\\Foundation\\Http\\Kernel.php(134): Illuminate\\Foundation\\Http\\Kernel->sendRequestThroughRouter(Object(Illuminate\\Http\\Request))
#45 D:\\Andrei Files\\Soft Eng\\Android Studio Projects\\flutterScholapp_back\\public\\index.php(51): Illuminate\\Foundation\\Http\\Kernel->handle(Object(Illuminate\\Http\\Request))
#46 D:\\Andrei Files\\Soft Eng\\Android Studio Projects\\flutterScholapp_back\\vendor\\laravel\\framework\\src\\Illuminate\\Foundation\\resources\\server.php(16): require_once('D:\\\\Andrei Files...')
#47 {main}

[previous exception] [object] (PDOException(code: 2002): SQLSTATE[HY000] [2002] No connection could be made because the target machine actively refused it at D:\\Andrei Files\\Soft Eng\\Android Studio Projects\\flutterScholapp_back\\vendor\\laravel\\framework\\src\\Illuminate\\Database\\Connectors\\Connector.php:70)
[stacktrace]
#0 D:\\Andrei Files\\Soft Eng\\Android Studio Projects\\flutterScholapp_back\\vendor\\laravel\\framework\\src\\Illuminate\\Database\\Connectors\\Connector.php(70): PDO->__construct('mysql:host=127....', 'root', Object(SensitiveParameterValue), Array)
#1 D:\\Andrei Files\\Soft Eng\\Android Studio Projects\\flutterScholapp_back\\vendor\\laravel\\framework\\src\\Illuminate\\Database\\Connectors\\Connector.php(45): Illuminate\\Database\\Connectors\\Connector->createPdoConnection('mysql:host=127....', 'root', '', Array)
#2 D:\\Andrei Files\\Soft Eng\\Android Studio Projects\\flutterScholapp_back\\vendor\\laravel\\framework\\src\\Illuminate\\Database\\Connectors\\MySqlConnector.php(24): Illuminate\\Database\\Connectors\\Connector->createConnection('mysql:host=127....', Array, Array)
#3 D:\\Andrei Files\\Soft Eng\\Android Studio Projects\\flutterScholapp_back\\vendor\\laravel\\framework\\src\\Illuminate\\Database\\Connectors\\ConnectionFactory.php(184): Illuminate\\Database\\Connectors\\MySqlConnector->connect(Array)
#4 [internal function]: Illuminate\\Database\\Connectors\\ConnectionFactory->Illuminate\\Database\\Connectors\\{closure}()
#5 D:\\Andrei Files\\Soft Eng\\Android Studio Projects\\flutterScholapp_back\\vendor\\laravel\\framework\\src\\Illuminate\\Database\\Connection.php(1171): call_user_func(Object(Closure))
#6 D:\\Andrei Files\\Soft Eng\\Android Studio Projects\\flutterScholapp_back\\vendor\\laravel\\framework\\src\\Illuminate\\Database\\Connection.php(1207): Illuminate\\Database\\Connection->getPdo()
#7 D:\\Andrei Files\\Soft Eng\\Android Studio Projects\\flutterScholapp_back\\vendor\\laravel\\framework\\src\\Illuminate\\Database\\Connection.php(486): Illuminate\\Database\\Connection->getReadPdo()
#8 D:\\Andrei Files\\Soft Eng\\Android Studio Projects\\flutterScholapp_back\\vendor\\laravel\\framework\\src\\Illuminate\\Database\\Connection.php(414): Illuminate\\Database\\Connection->getPdoForSelect(true)
#9 D:\\Andrei Files\\Soft Eng\\Android Studio Projects\\flutterScholapp_back\\vendor\\laravel\\framework\\src\\Illuminate\\Database\\Connection.php(753): Illuminate\\Database\\Connection->Illuminate\\Database\\{closure}('select `id`, `n...', Array)
#10 D:\\Andrei Files\\Soft Eng\\Android Studio Projects\\flutterScholapp_back\\vendor\\laravel\\framework\\src\\Illuminate\\Database\\Connection.php(720): Illuminate\\Database\\Connection->runQueryCallback('select `id`, `n...', Array, Object(Closure))
#11 D:\\Andrei Files\\Soft Eng\\Android Studio Projects\\flutterScholapp_back\\vendor\\laravel\\framework\\src\\Illuminate\\Database\\Connection.php(405): Illuminate\\Database\\Connection->run('select `id`, `n...', Array, Object(Closure))
#12 D:\\Andrei Files\\Soft Eng\\Android Studio Projects\\flutterScholapp_back\\vendor\\laravel\\framework\\src\\Illuminate\\Database\\Query\\Builder.php(2649): Illuminate\\Database\\Connection->select('select `id`, `n...', Array, true)
#13 D:\\Andrei Files\\Soft Eng\\Android Studio Projects\\flutterScholapp_back\\vendor\\laravel\\framework\\src\\Illuminate\\Database\\Query\\Builder.php(2638): Illuminate\\Database\\Query\\Builder->runSelect()
#14 D:\\Andrei Files\\Soft Eng\\Android Studio Projects\\flutterScholapp_back\\vendor\\laravel\\framework\\src\\Illuminate\\Database\\Query\\Builder.php(3174): Illuminate\\Database\\Query\\Builder->Illuminate\\Database\\Query\\{closure}()
#15 D:\\Andrei Files\\Soft Eng\\Android Studio Projects\\flutterScholapp_back\\vendor\\laravel\\framework\\src\\Illuminate\\Database\\Query\\Builder.php(2637): Illuminate\\Database\\Query\\Builder->onceWithColumns(Array, Object(Closure))
#16 D:\\Andrei Files\\Soft Eng\\Android Studio Projects\\flutterScholapp_back\\vendor\\laravel\\framework\\src\\Illuminate\\Database\\Eloquent\\Builder.php(702): Illuminate\\Database\\Query\\Builder->get(Array)
#17 D:\\Andrei Files\\Soft Eng\\Android Studio Projects\\flutterScholapp_back\\vendor\\laravel\\framework\\src\\Illuminate\\Database\\Eloquent\\Builder.php(686): Illuminate\\Database\\Eloquent\\Builder->getModels(Array)
#18 D:\\Andrei Files\\Soft Eng\\Android Studio Projects\\flutterScholapp_back\\app\\Http\\Controllers\\Api\\UserController.php(21): Illuminate\\Database\\Eloquent\\Builder->get()
#19 D:\\Andrei Files\\Soft Eng\\Android Studio Projects\\flutterScholapp_back\\vendor\\laravel\\framework\\src\\Illuminate\\Routing\\Controller.php(54): App\\Http\\Controllers\\Api\\UserController->index()
#20 D:\\Andrei Files\\Soft Eng\\Android Studio Projects\\flutterScholapp_back\\vendor\\laravel\\framework\\src\\Illuminate\\Routing\\ControllerDispatcher.php(43): Illuminate\\Routing\\Controller->callAction('index', Array)
#21 D:\\Andrei Files\\Soft Eng\\Android Studio Projects\\flutterScholapp_back\\vendor\\laravel\\framework\\src\\Illuminate\\Routing\\Route.php(259): Illuminate\\Routing\\ControllerDispatcher->dispatch(Object(Illuminate\\Routing\\Route), Object(App\\Http\\Controllers\\Api\\UserController), 'index')
#22 D:\\Andrei Files\\Soft Eng\\Android Studio Projects\\flutterScholapp_back\\vendor\\laravel\\framework\\src\\Illuminate\\Routing\\Route.php(205): Illuminate\\Routing\\Route->runController()
#23 D:\\Andrei Files\\Soft Eng\\Android Studio Projects\\flutterScholapp_back\\vendor\\laravel\\framework\\src\\Illuminate\\Routing\\Router.php(798): Illuminate\\Routing\\Route->run()
#24 D:\\Andrei Files\\Soft Eng\\Android Studio Projects\\flutterScholapp_back\\vendor\\laravel\\framework\\src\\Illuminate\\Pipeline\\Pipeline.php(141): Illuminate\\Routing\\Router->Illuminate\\Routing\\{closure}(Object(Illuminate\\Http\\Request))
#25 D:\\Andrei Files\\Soft Eng\\Android Studio Projects\\flutterScholapp_back\\vendor\\laravel\\framework\\src\\Illuminate\\Routing\\Middleware\\SubstituteBindings.php(50): Illuminate\\Pipeline\\Pipeline->Illuminate\\Pipeline\\{closure}(Object(Illuminate\\Http\\Request))
#26 D:\\Andrei Files\\Soft Eng\\Android Studio Projects\\flutterScholapp_back\\vendor\\laravel\\framework\\src\\Illuminate\\Pipeline\\Pipeline.php(180): Illuminate\\Routing\\Middleware\\SubstituteBindings->handle(Object(Illuminate\\Http\\Request), Object(Closure))
#27 D:\\Andrei Files\\Soft Eng\\Android Studio Projects\\flutterScholapp_back\\vendor\\laravel\\framework\\src\\Illuminate\\Routing\\Middleware\\ThrottleRequests.php(126): Illuminate\\Pipeline\\Pipeline->Illuminate\\Pipeline\\{closure}(Object(Illuminate\\Http\\Request))
#28 D:\\Andrei Files\\Soft Eng\\Android Studio Projects\\flutterScholapp_back\\vendor\\laravel\\framework\\src\\Illuminate\\Routing\\Middleware\\ThrottleRequests.php(92): Illuminate\\Routing\\Middleware\\ThrottleRequests->handleRequest(Object(Illuminate\\Http\\Request), Object(Closure), Array)
#29 D:\\Andrei Files\\Soft Eng\\Android Studio Projects\\flutterScholapp_back\\vendor\\laravel\\framework\\src\\Illuminate\\Routing\\Middleware\\ThrottleRequests.php(54): Illuminate\\Routing\\Middleware\\ThrottleRequests->handleRequestUsingNamedLimiter(Object(Illuminate\\Http\\Request), Object(Closure), 'api', Object(Closure))
#30 D:\\Andrei Files\\Soft Eng\\Android Studio Projects\\flutterScholapp_back\\vendor\\laravel\\framework\\src\\Illuminate\\Pipeline\\Pipeline.php(180): Illuminate\\Routing\\Middleware\\ThrottleRequests->handle(Object(Illuminate\\Http\\Request), Object(Closure), 'api')
#31 D:\\Andrei Files\\Soft Eng\\Android Studio Projects\\flutterScholapp_back\\vendor\\laravel\\framework\\src\\Illuminate\\Pipeline\\Pipeline.php(116): Illuminate\\Pipeline\\Pipeline->Illuminate\\Pipeline\\{closure}(Object(Illuminate\\Http\\Request))
#32 D:\\Andrei Files\\Soft Eng\\Android Studio Projects\\flutterScholapp_back\\vendor\\laravel\\framework\\src\\Illuminate\\Routing\\Router.php(797): Illuminate\\Pipeline\\Pipeline->then(Object(Closure))
#33 D:\\Andrei Files\\Soft Eng\\Android Studio Projects\\flutterScholapp_back\\vendor\\laravel\\framework\\src\\Illuminate\\Routing\\Router.php(776): Illuminate\\Routing\\Router->runRouteWithinStack(Object(Illuminate\\Routing\\Route), Object(Illuminate\\Http\\Request))
#34 D:\\Andrei Files\\Soft Eng\\Android Studio Projects\\flutterScholapp_back\\vendor\\laravel\\framework\\src\\Illuminate\\Routing\\Router.php(740): Illuminate\\Routing\\Router->runRoute(Object(Illuminate\\Http\\Request), Object(Illuminate\\Routing\\Route))
#35 D:\\Andrei Files\\Soft Eng\\Android Studio Projects\\flutterScholapp_back\\vendor\\laravel\\framework\\src\\Illuminate\\Routing\\Router.php(729): Illuminate\\Routing\\Router->dispatchToRoute(Object(Illuminate\\Http\\Request))
#36 D:\\Andrei Files\\Soft Eng\\Android Studio Projects\\flutterScholapp_back\\vendor\\laravel\\framework\\src\\Illuminate\\Foundation\\Http\\Kernel.php(190): Illuminate\\Routing\\Router->dispatch(Object(Illuminate\\Http\\Request))
#37 D:\\Andrei Files\\Soft Eng\\Android Studio Projects\\flutterScholapp_back\\vendor\\laravel\\framework\\src\\Illuminate\\Pipeline\\Pipeline.php(141): Illuminate\\Foundation\\Http\\Kernel->Illuminate\\Foundation\\Http\\{closure}(Object(Illuminate\\Http\\Request))
#38 D:\\Andrei Files\\Soft Eng\\Android Studio Projects\\flutterScholapp_back\\vendor\\laravel\\framework\\src\\Illuminate\\Foundation\\Http\\Middleware\\TransformsRequest.php(21): Illuminate\\Pipeline\\Pipeline->Illuminate\\Pipeline\\{closure}(Object(Illuminate\\Http\\Request))
#39 D:\\Andrei Files\\Soft Eng\\Android Studio Projects\\flutterScholapp_back\\vendor\\laravel\\framework\\src\\Illuminate\\Foundation\\Http\\Middleware\\ConvertEmptyStringsToNull.php(31): Illuminate\\Foundation\\Http\\Middleware\\TransformsRequest->handle(Object(Illuminate\\Http\\Request), Object(Closure))
#40 D:\\Andrei Files\\Soft Eng\\Android Studio Projects\\flutterScholapp_back\\vendor\\laravel\\framework\\src\\Illuminate\\Pipeline\\Pipeline.php(180): Illuminate\\Foundation\\Http\\Middleware\\ConvertEmptyStringsToNull->handle(Object(Illuminate\\Http\\Request), Object(Closure))
#41 D:\\Andrei Files\\Soft Eng\\Android Studio Projects\\flutterScholapp_back\\vendor\\laravel\\framework\\src\\Illuminate\\Foundation\\Http\\Middleware\\TransformsRequest.php(21): Illuminate\\Pipeline\\Pipeline->Illuminate\\Pipeline\\{closure}(Object(Illuminate\\Http\\Request))
#42 D:\\Andrei Files\\Soft Eng\\Android Studio Projects\\flutterScholapp_back\\vendor\\laravel\\framework\\src\\Illuminate\\Foundation\\Http\\Middleware\\TrimStrings.php(40): Illuminate\\Foundation\\Http\\Middleware\\TransformsRequest->handle(Object(Illuminate\\Http\\Request), Object(Closure))
#43 D:\\Andrei Files\\Soft Eng\\Android Studio Projects\\flutterScholapp_back\\vendor\\laravel\\framework\\src\\Illuminate\\Pipeline\\Pipeline.php(180): Illuminate\\Foundation\\Http\\Middleware\\TrimStrings->handle(Object(Illuminate\\Http\\Request), Object(Closure))
#44 D:\\Andrei Files\\Soft Eng\\Android Studio Projects\\flutterScholapp_back\\vendor\\laravel\\framework\\src\\Illuminate\\Foundation\\Http\\Middleware\\ValidatePostSize.php(27): Illuminate\\Pipeline\\Pipeline->Illuminate\\Pipeline\\{closure}(Object(Illuminate\\Http\\Request))
#45 D:\\Andrei Files\\Soft Eng\\Android Studio Projects\\flutterScholapp_back\\vendor\\laravel\\framework\\src\\Illuminate\\Pipeline\\Pipeline.php(180): Illuminate\\Foundation\\Http\\Middleware\\ValidatePostSize->handle(Object(Illuminate\\Http\\Request), Object(Closure))
#46 D:\\Andrei Files\\Soft Eng\\Android Studio Projects\\flutterScholapp_back\\vendor\\laravel\\framework\\src\\Illuminate\\Foundation\\Http\\Middleware\\PreventRequestsDuringMaintenance.php(86): Illuminate\\Pipeline\\Pipeline->Illuminate\\Pipeline\\{closure}(Object(Illuminate\\Http\\Request))
#47 D:\\Andrei Files\\Soft Eng\\Android Studio Projects\\flutterScholapp_back\\vendor\\laravel\\framework\\src\\Illuminate\\Pipeline\\Pipeline.php(180): Illuminate\\Foundation\\Http\\Middleware\\PreventRequestsDuringMaintenance->handle(Object(Illuminate\\Http\\Request), Object(Closure))
#48 D:\\Andrei Files\\Soft Eng\\Android Studio Projects\\flutterScholapp_back\\vendor\\laravel\\framework\\src\\Illuminate\\Http\\Middleware\\HandleCors.php(62): Illuminate\\Pipeline\\Pipeline->Illuminate\\Pipeline\\{closure}(Object(Illuminate\\Http\\Request))
#49 D:\\Andrei Files\\Soft Eng\\Android Studio Projects\\flutterScholapp_back\\vendor\\laravel\\framework\\src\\Illuminate\\Pipeline\\Pipeline.php(180): Illuminate\\Http\\Middleware\\HandleCors->handle(Object(Illuminate\\Http\\Request), Object(Closure))
#50 D:\\Andrei Files\\Soft Eng\\Android Studio Projects\\flutterScholapp_back\\vendor\\laravel\\framework\\src\\Illuminate\\Http\\Middleware\\TrustProxies.php(39): Illuminate\\Pipeline\\Pipeline->Illuminate\\Pipeline\\{closure}(Object(Illuminate\\Http\\Request))
#51 D:\\Andrei Files\\Soft Eng\\Android Studio Projects\\flutterScholapp_back\\vendor\\laravel\\framework\\src\\Illuminate\\Pipeline\\Pipeline.php(180): Illuminate\\Http\\Middleware\\TrustProxies->handle(Object(Illuminate\\Http\\Request), Object(Closure))
#52 D:\\Andrei Files\\Soft Eng\\Android Studio Projects\\flutterScholapp_back\\vendor\\laravel\\framework\\src\\Illuminate\\Pipeline\\Pipeline.php(116): Illuminate\\Pipeline\\Pipeline->Illuminate\\Pipeline\\{closure}(Object(Illuminate\\Http\\Request))
#53 D:\\Andrei Files\\Soft Eng\\Android Studio Projects\\flutterScholapp_back\\vendor\\laravel\\framework\\src\\Illuminate\\Foundation\\Http\\Kernel.php(165): Illuminate\\Pipeline\\Pipeline->then(Object(Closure))
#54 D:\\Andrei Files\\Soft Eng\\Android Studio Projects\\flutterScholapp_back\\vendor\\laravel\\framework\\src\\Illuminate\\Foundation\\Http\\Kernel.php(134): Illuminate\\Foundation\\Http\\Kernel->sendRequestThroughRouter(Object(Illuminate\\Http\\Request))
#55 D:\\Andrei Files\\Soft Eng\\Android Studio Projects\\flutterScholapp_back\\public\\index.php(51): Illuminate\\Foundation\\Http\\Kernel->handle(Object(Illuminate\\Http\\Request))
#56 D:\\Andrei Files\\Soft Eng\\Android Studio Projects\\flutterScholapp_back\\vendor\\laravel\\framework\\src\\Illuminate\\Foundation\\resources\\server.php(16): require_once('D:\\\\Andrei Files...')
#57 {main}
"} 
